Traceback (most recent call last):
  File "/opt/hostedtoolcache/Python/3.12.13/x64/lib/python3.12/site-packages/jupyter_cache/executors/utils.py", line 58, in single_nb_execution
    executenb(
  File "/opt/hostedtoolcache/Python/3.12.13/x64/lib/python3.12/site-packages/nbclient/client.py", line 1323, in execute
    return NotebookClient(nb=nb, resources=resources, km=km, **kwargs).execute()
           ^^^^^^^^^^^^^^^^^^^^^^^^^^^^^^^^^^^^^^^^^^^^^^^^^^^^^^^^^^^^^^^^^^^^^
  File "/opt/hostedtoolcache/Python/3.12.13/x64/lib/python3.12/site-packages/jupyter_core/utils/__init__.py", line 165, in wrapped
    return loop.run_until_complete(inner)
           ^^^^^^^^^^^^^^^^^^^^^^^^^^^^^^
  File "/opt/hostedtoolcache/Python/3.12.13/x64/lib/python3.12/asyncio/base_events.py", line 691, in run_until_complete
    return future.result()
           ^^^^^^^^^^^^^^^
  File "/opt/hostedtoolcache/Python/3.12.13/x64/lib/python3.12/site-packages/nbclient/client.py", line 709, in async_execute
    await self.async_execute_cell(
  File "/opt/hostedtoolcache/Python/3.12.13/x64/lib/python3.12/site-packages/nbclient/client.py", line 1062, in async_execute_cell
    await self._check_raise_for_error(cell, cell_index, exec_reply)
  File "/opt/hostedtoolcache/Python/3.12.13/x64/lib/python3.12/site-packages/nbclient/client.py", line 918, in _check_raise_for_error
    raise CellExecutionError.from_cell_and_msg(cell, exec_reply_content)
nbclient.exceptions.CellExecutionError: An error occurred while executing the following cell:
------------------
coords = [
    np.array([0.76, 0, 0.58]),
    np.array([-0.76, 0, 0.58]),
    np.array([0, 0, 0]),
]
qse.Qbits(positions=coords, labels=["qbit1", "qbit2", "qbit3"])
------------------


[31m---------------------------------------------------------------------------[39m
[31mAttributeError[39m                            Traceback (most recent call last)
[36mCell[39m[36m [39m[32mIn[2][39m[32m, line 6[39m
[32m      2[39m     np.array([[32m0.76[39m, [32m0[39m, [32m0.58[39m]),
[32m      3[39m     np.array([-[32m0.76[39m, [32m0[39m, [32m0.58[39m]),
[32m      4[39m     np.array([[32m0[39m, [32m0[39m, [32m0[39m]),
[32m      5[39m ]
[32m----> [39m[32m6[39m qse.Qbits(positions=coords, labels=[[33m"qbit1"[39m, [33m"qbit2"[39m, [33m"qbit3"[39m])

[36mFile [39m[32m/opt/hostedtoolcache/Python/3.12.13/x64/lib/python3.12/site-packages/qse/qbits.py:139[39m, in [36mQbits.__init__[39m[34m(self, positions, labels, states, cell, pbc, calculator)[39m
[32m    137[39m [38;5;66;03m# states[39;00m
[32m    138[39m [38;5;28;01mif[39;00m states [38;5;129;01mis[39;00m [38;5;28;01mNone[39;00m:
[32m--> [39m[32m139[39m     states = np.zeros(([43mpositions[49m[43m.[49m[43mshape[49m[[32m0[39m], [32m2[39m), dtype=[38;5;28mcomplex[39m)
[32m    140[39m     states[:, [32m0[39m] = [32m1[39m
[32m    141[39m [38;5;28mself[39m.new_array([33m"[39m[33mstates[39m[33m"[39m, states, [38;5;28mcomplex[39m, ([32m2[39m,))

[31mAttributeError[39m: 'list' object has no attribute 'shape'

