Traceback (most recent call last):
  File "/opt/hostedtoolcache/Python/3.12.13/x64/lib/python3.12/site-packages/jupyter_cache/executors/utils.py", line 58, in single_nb_execution
    executenb(
  File "/opt/hostedtoolcache/Python/3.12.13/x64/lib/python3.12/site-packages/nbclient/client.py", line 1323, in execute
    return NotebookClient(nb=nb, resources=resources, km=km, **kwargs).execute()
           ^^^^^^^^^^^^^^^^^^^^^^^^^^^^^^^^^^^^^^^^^^^^^^^^^^^^^^^^^^^^^^^^^^^^^
  File "/opt/hostedtoolcache/Python/3.12.13/x64/lib/python3.12/site-packages/jupyter_core/utils/__init__.py", line 165, in wrapped
    return loop.run_until_complete(inner)
           ^^^^^^^^^^^^^^^^^^^^^^^^^^^^^^
  File "/opt/hostedtoolcache/Python/3.12.13/x64/lib/python3.12/asyncio/base_events.py", line 691, in run_until_complete
    return future.result()
           ^^^^^^^^^^^^^^^
  File "/opt/hostedtoolcache/Python/3.12.13/x64/lib/python3.12/site-packages/nbclient/client.py", line 709, in async_execute
    await self.async_execute_cell(
  File "/opt/hostedtoolcache/Python/3.12.13/x64/lib/python3.12/site-packages/nbclient/client.py", line 1062, in async_execute_cell
    await self._check_raise_for_error(cell, cell_index, exec_reply)
  File "/opt/hostedtoolcache/Python/3.12.13/x64/lib/python3.12/site-packages/nbclient/client.py", line 918, in _check_raise_for_error
    raise CellExecutionError.from_cell_and_msg(cell, exec_reply_content)
nbclient.exceptions.CellExecutionError: An error occurred while executing the following cell:
------------------
lattice_spacing = 12
repeats = 4

qbits1 = qse.lattices.chain(lattice_spacing=lattice_spacing, repeats=repeats)
qbits1.labels = [f"A{i}-{i}" for i in range(repeats)]

qbits2 = qse.lattices.chain(lattice_spacing=lattice_spacing, repeats=repeats)
qbits2.labels = [f"B{i}-{i+repeats}" for i in range(repeats)]
qbits2.translate((lattice_spacing * 0.5, 8, 0))

qbits_ssh = qbits1 + qbits2
qbits_ssh.rotate(
    90 - angle
)  # by rotating to this angle interactions in the A & B chains will cancel.

qbits_ssh.draw(show_labels=True, units="µm")
------------------


[31m---------------------------------------------------------------------------[39m
[31mValueError[39m                                Traceback (most recent call last)
[36mCell[39m[36m [39m[32mIn[3][39m[32m, line 9[39m
[32m      5[39m qbits1.labels = [f"A{i}-{i}" [38;5;28;01mfor[39;00m i [38;5;28;01min[39;00m range(repeats)]
[32m      6[39m 
[32m      7[39m qbits2 = qse.lattices.chain(lattice_spacing=lattice_spacing, repeats=repeats)
[32m      8[39m qbits2.labels = [f"B{i}-{i+repeats}" [38;5;28;01mfor[39;00m i [38;5;28;01min[39;00m range(repeats)]
[32m----> [39m[32m9[39m qbits2.translate((lattice_spacing * [32m0.5[39m, [32m8[39m, [32m0[39m))
[32m     10[39m 
[32m     11[39m qbits_ssh = qbits1 + qbits2
[32m     12[39m qbits_ssh.rotate(

[36mFile [39m[32m/opt/hostedtoolcache/Python/3.12.13/x64/lib/python3.12/site-packages/qse/qbits.py:593[39m, in [36mQbits.translate[39m[34m(self, displacement)[39m
[32m    583[39m [38;5;28;01mdef[39;00m[38;5;250m [39m[34mtranslate[39m([38;5;28mself[39m, displacement):
[32m    584[39m [38;5;250m    [39m[33;03m"""[39;00m
[32m    585[39m [33;03m    Translate qbit positions.[39;00m
[32m    586[39m 
[32m   (...)[39m[32m    591[39m [33;03m        nx3 array (where n is the number of qbits).[39;00m
[32m    592[39m [33;03m    """[39;00m
[32m--> [39m[32m593[39m     [38;5;28;43mself[39;49m[43m.[49m[43mpositions[49m[43m [49m[43m+[49m[43m=[49m[43m [49m[43mnp[49m[43m.[49m[43marray[49m[43m([49m[43mdisplacement[49m[43m)[49m

[31mValueError[39m: non-broadcastable output operand with shape (4,1) doesn't match the broadcast shape (4,3)

